[Estados Unidos (mixto)] inicio: periodos=720 hogares=10000 firmas/sector=40
[Guatemala (mas liberal)] inicio: periodos=720 hogares=10000 firmas/sector=40
[Estado social intensivo (benchmark)] inicio: periodos=720 hogares=10000 firmas/sector=40
[Noruega (economia del bienestar)] inicio: periodos=720 hogares=10000 firmas/sector=40
[Estados Unidos (mixto)] periodo 1/720 poblacion=10080 desempleo=9.6% pib=112,874 t=8.2s
[Guatemala (mas liberal)] periodo 1/720 poblacion=10182 desempleo=9.4% pib=111,892 t=8.2s
[Noruega (economia del bienestar)] periodo 1/720 poblacion=10058 desempleo=9.0% pib=111,587 t=8.4s
[Estado social intensivo (benchmark)] periodo 1/720 poblacion=10055 desempleo=8.8% pib=110,146 t=9.5s
[Guatemala (mas liberal)] periodo 25/720 poblacion=11195 desempleo=41.9% pib=77,645 t=123.8s
[Estados Unidos (mixto)] periodo 25/720 poblacion=11468 desempleo=39.5% pib=106,972 t=132.3s
[Noruega (economia del bienestar)] periodo 25/720 poblacion=11479 desempleo=18.9% pib=213,245 t=157.8s
[Estado social intensivo (benchmark)] periodo 25/720 poblacion=11368 desempleo=13.6% pib=242,363 t=187.7s
[Guatemala (mas liberal)] periodo 50/720 poblacion=10070 desempleo=38.0% pib=107,970 t=254.6s
[Estados Unidos (mixto)] periodo 50/720 poblacion=12545 desempleo=38.1% pib=193,209 t=323.9s
[Guatemala (mas liberal)] periodo 75/720 poblacion=9008 desempleo=39.6% pib=167,562 t=372.0s
[Noruega (economia del bienestar)] periodo 50/720 poblacion=13311 desempleo=29.7% pib=456,222 t=399.8s
[Guatemala (mas liberal)] periodo 100/720 poblacion=8855 desempleo=37.1% pib=197,842 t=476.6s
[Estados Unidos (mixto)] periodo 75/720 poblacion=13713 desempleo=29.7% pib=322,293 t=579.6s
[Guatemala (mas liberal)] periodo 125/720 poblacion=9577 desempleo=34.9% pib=142,915 t=593.8s
[Estado social intensivo (benchmark)] periodo 50/720 poblacion=12306 desempleo=1.8% pib=781,930 t=600.2s
[Guatemala (mas liberal)] periodo 150/720 poblacion=9717 desempleo=41.6% pib=161,318 t=717.3s
[Guatemala (mas liberal)] periodo 175/720 poblacion=9427 desempleo=28.3% pib=478,048 t=820.6s
[Estados Unidos (mixto)] periodo 100/720 poblacion=14660 desempleo=30.8% pib=198,501 t=834.8s
[Guatemala (mas liberal)] periodo 200/720 poblacion=9949 desempleo=27.8% pib=586,156 t=942.2s
[Estado social intensivo (benchmark)] periodo 75/720 poblacion=11481 desempleo=6.0% pib=732,350 t=1032.9s
[Estados Unidos (mixto)] periodo 125/720 poblacion=15111 desempleo=37.9% pib=314,787 t=1075.6s
[Guatemala (mas liberal)] periodo 225/720 poblacion=10834 desempleo=33.8% pib=759,721 t=1102.9s
[Noruega (economia del bienestar)] periodo 75/720 poblacion=15153 desempleo=16.2% pib=794,306 t=1133.4s
[Guatemala (mas liberal)] periodo 250/720 poblacion=12020 desempleo=35.5% pib=145,719 t=1252.1s
[Guatemala (mas liberal)] periodo 275/720 poblacion=13003 desempleo=58.9% pib=84,145 t=1357.4s
[Estados Unidos (mixto)] periodo 150/720 poblacion=15900 desempleo=31.1% pib=832,280 t=1359.6s
[Guatemala (mas liberal)] periodo 300/720 poblacion=12955 desempleo=58.2% pib=46,593 t=1461.1s
[Guatemala (mas liberal)] periodo 325/720 poblacion=13717 desempleo=59.1% pib=52,122 t=1566.2s
[Noruega (economia del bienestar)] periodo 100/720 poblacion=16694 desempleo=8.8% pib=1,228,708 t=1576.2s
[Estado social intensivo (benchmark)] periodo 100/720 poblacion=12809 desempleo=61.9% pib=154,760 t=1633.3s
[Guatemala (mas liberal)] periodo 350/720 poblacion=14611 desempleo=60.3% pib=40,886 t=1675.6s
[Estados Unidos (mixto)] periodo 175/720 poblacion=17381 desempleo=25.4% pib=1,314,921 t=1706.0s
[Guatemala (mas liberal)] periodo 375/720 poblacion=15769 desempleo=49.5% pib=85,175 t=1793.6s
[Guatemala (mas liberal)] periodo 400/720 poblacion=17435 desempleo=35.0% pib=303,861 t=1922.7s
[Estado social intensivo (benchmark)] periodo 125/720 poblacion=14004 desempleo=30.7% pib=220,911 t=1972.6s
[Guatemala (mas liberal)] periodo 425/720 poblacion=19999 desempleo=1.7% pib=536,202 t=2101.7s
[Estados Unidos (mixto)] periodo 200/720 poblacion=18411 desempleo=30.0% pib=2,733,088 t=2206.4s
[Guatemala (mas liberal)] periodo 450/720 poblacion=23403 desempleo=2.0% pib=1,175,976 t=2312.6s
[Estado social intensivo (benchmark)] periodo 150/720 poblacion=15047 desempleo=49.1% pib=156,366 t=2366.9s
[Guatemala (mas liberal)] periodo 475/720 poblacion=27011 desempleo=11.1% pib=1,066,576 t=2548.2s
[Noruega (economia del bienestar)] periodo 125/720 poblacion=17779 desempleo=12.7% pib=1,747,831 t=2644.0s
[Estado social intensivo (benchmark)] periodo 175/720 poblacion=15930 desempleo=49.3% pib=148,878 t=2677.8s
[Guatemala (mas liberal)] periodo 500/720 poblacion=30659 desempleo=10.3% pib=2,029,824 t=2862.1s
[Estado social intensivo (benchmark)] periodo 200/720 poblacion=16599 desempleo=50.9% pib=434,661 t=2936.2s
[Guatemala (mas liberal)] periodo 525/720 poblacion=34026 desempleo=8.3% pib=3,534,426 t=3253.8s
[Estados Unidos (mixto)] periodo 225/720 poblacion=17076 desempleo=30.8% pib=5,588,256 t=3305.4s
[Estado social intensivo (benchmark)] periodo 225/720 poblacion=17143 desempleo=57.3% pib=957,235 t=3510.4s
[Guatemala (mas liberal)] periodo 550/720 poblacion=37796 desempleo=3.9% pib=3,724,992 t=3802.1s
[Estado social intensivo (benchmark)] periodo 250/720 poblacion=18073 desempleo=61.4% pib=237,498 t=4007.7s
[Estados Unidos (mixto)] periodo 250/720 poblacion=18548 desempleo=16.6% pib=2,279,300 t=4094.7s
[Estado social intensivo (benchmark)] periodo 275/720 poblacion=19574 desempleo=54.8% pib=264,939 t=4296.8s
[Noruega (economia del bienestar)] periodo 150/720 poblacion=19230 desempleo=4.1% pib=2,068,036 t=4361.4s
[Guatemala (mas liberal)] periodo 575/720 poblacion=42281 desempleo=17.7% pib=5,617,818 t=4434.0s
[Estados Unidos (mixto)] periodo 275/720 poblacion=20708 desempleo=11.0% pib=712,278 t=4469.0s
[Estado social intensivo (benchmark)] periodo 300/720 poblacion=21840 desempleo=51.7% pib=190,327 t=4598.8s
[Estados Unidos (mixto)] periodo 300/720 poblacion=23212 desempleo=51.3% pib=352,359 t=4741.5s
[Estado social intensivo (benchmark)] periodo 325/720 poblacion=24619 desempleo=40.6% pib=200,974 t=4959.5s
[Estados Unidos (mixto)] periodo 325/720 poblacion=26218 desempleo=50.6% pib=282,564 t=5027.0s
[Guatemala (mas liberal)] periodo 600/720 poblacion=47151 desempleo=32.5% pib=2,900,998 t=5113.5s
[Estados Unidos (mixto)] periodo 350/720 poblacion=29586 desempleo=47.8% pib=387,175 t=5378.8s
[Estado social intensivo (benchmark)] periodo 350/720 poblacion=27943 desempleo=37.1% pib=337,976 t=5475.5s
[Noruega (economia del bienestar)] periodo 175/720 poblacion=20500 desempleo=8.4% pib=2,291,624 t=5668.3s
[Estados Unidos (mixto)] periodo 375/720 poblacion=33234 desempleo=34.6% pib=416,185 t=5781.2s
[Guatemala (mas liberal)] periodo 625/720 poblacion=54022 desempleo=11.4% pib=5,264,416 t=5861.4s
[Estado social intensivo (benchmark)] periodo 375/720 poblacion=31778 desempleo=30.4% pib=339,621 t=6210.4s
[Estados Unidos (mixto)] periodo 400/720 poblacion=37356 desempleo=36.6% pib=397,034 t=6239.3s
[Guatemala (mas liberal)] periodo 650/720 poblacion=59976 desempleo=3.6% pib=7,041,915 t=6691.4s
[Estados Unidos (mixto)] periodo 425/720 poblacion=41951 desempleo=29.5% pib=491,195 t=6775.0s
[Noruega (economia del bienestar)] periodo 200/720 poblacion=20396 desempleo=35.3% pib=1,581,800 t=6891.9s
[Estado social intensivo (benchmark)] periodo 400/720 poblacion=35898 desempleo=37.4% pib=382,064 t=7257.1s
[Estados Unidos (mixto)] periodo 450/720 poblacion=46888 desempleo=28.0% pib=682,345 t=7402.9s
[Guatemala (mas liberal)] periodo 675/720 poblacion=70755 desempleo=7.0% pib=5,091,973 t=7492.3s
[Noruega (economia del bienestar)] periodo 225/720 poblacion=21230 desempleo=69.5% pib=488,399 t=7768.7s
[Noruega (economia del bienestar)] periodo 250/720 poblacion=22246 desempleo=70.9% pib=274,355 t=8101.1s
[Estados Unidos (mixto)] periodo 475/720 poblacion=52219 desempleo=29.2% pib=690,748 t=8134.1s
[Noruega (economia del bienestar)] periodo 275/720 poblacion=24122 desempleo=62.2% pib=222,443 t=8380.3s
[Estado social intensivo (benchmark)] periodo 425/720 poblacion=39976 desempleo=38.5% pib=400,162 t=8434.9s
[Guatemala (mas liberal)] periodo 700/720 poblacion=83709 desempleo=68.3% pib=810,741 t=8516.3s
[Noruega (economia del bienestar)] periodo 300/720 poblacion=26808 desempleo=59.4% pib=157,802 t=8685.0s
[Estados Unidos (mixto)] periodo 500/720 poblacion=58257 desempleo=29.7% pib=659,293 t=8970.7s
[Noruega (economia del bienestar)] periodo 325/720 poblacion=30130 desempleo=56.3% pib=152,652 t=9026.1s
[Noruega (economia del bienestar)] periodo 350/720 poblacion=34267 desempleo=38.7% pib=245,256 t=9499.8s
[Estados Unidos (mixto)] periodo 525/720 poblacion=65079 desempleo=37.4% pib=792,927 t=9874.4s
[Guatemala (mas liberal)] periodo 720/720 poblacion=91042 desempleo=0.9% pib=4,141,812 t=10017.0s
[Guatemala (mas liberal)] completado: periodos=720 poblacion=91042 desempleo=0.9% pib=4,141,812
[Noruega (economia del bienestar)] periodo 375/720 poblacion=38811 desempleo=47.0% pib=188,021 t=10087.8s
[Estado social intensivo (benchmark)] periodo 450/720 poblacion=44277 desempleo=34.3% pib=1,130,295 t=10112.3s
[Noruega (economia del bienestar)] periodo 400/720 poblacion=43748 desempleo=34.4% pib=302,834 t=10763.8s
[Estados Unidos (mixto)] periodo 550/720 poblacion=73046 desempleo=32.4% pib=833,548 t=10853.3s
[Noruega (economia del bienestar)] periodo 425/720 poblacion=48844 desempleo=30.5% pib=467,446 t=11522.7s
[Estados Unidos (mixto)] periodo 575/720 poblacion=82447 desempleo=36.6% pib=788,824 t=12004.0s
[Noruega (economia del bienestar)] periodo 450/720 poblacion=54155 desempleo=38.5% pib=385,683 t=12416.1s
[Estado social intensivo (benchmark)] periodo 475/720 poblacion=48687 desempleo=26.0% pib=978,339 t=12791.2s
[Estados Unidos (mixto)] periodo 600/720 poblacion=93425 desempleo=40.2% pib=1,056,478 t=13359.8s
[Noruega (economia del bienestar)] periodo 475/720 poblacion=59650 desempleo=33.5% pib=528,659 t=13406.4s
[Estado social intensivo (benchmark)] periodo 500/720 poblacion=53289 desempleo=43.3% pib=603,728 t=14449.4s
[Noruega (economia del bienestar)] periodo 500/720 poblacion=65686 desempleo=35.5% pib=547,690 t=14587.2s
[Estados Unidos (mixto)] periodo 625/720 poblacion=105935 desempleo=54.3% pib=596,222 t=14854.5s
[Noruega (economia del bienestar)] periodo 525/720 poblacion=72165 desempleo=34.0% pib=542,682 t=15877.3s
[Estado social intensivo (benchmark)] periodo 525/720 poblacion=58311 desempleo=29.8% pib=676,309 t=16064.2s
[Estados Unidos (mixto)] periodo 650/720 poblacion=119037 desempleo=37.1% pib=936,784 t=16514.6s
[Noruega (economia del bienestar)] periodo 550/720 poblacion=79603 desempleo=32.7% pib=618,829 t=17498.9s
[Estados Unidos (mixto)] periodo 675/720 poblacion=134582 desempleo=41.0% pib=995,854 t=18477.6s
[Estado social intensivo (benchmark)] periodo 550/720 poblacion=64085 desempleo=34.0% pib=813,097 t=18992.6s
[Noruega (economia del bienestar)] periodo 575/720 poblacion=88386 desempleo=33.5% pib=546,329 t=19431.9s
[Estados Unidos (mixto)] periodo 700/720 poblacion=152346 desempleo=37.5% pib=927,162 t=20624.7s
[Noruega (economia del bienestar)] periodo 600/720 poblacion=98104 desempleo=21.5% pib=806,472 t=21756.0s
[Estados Unidos (mixto)] periodo 720/720 poblacion=166526 desempleo=40.8% pib=972,086 t=22533.9s
[Estados Unidos (mixto)] completado: periodos=720 poblacion=166526 desempleo=40.8% pib=972,086
[Estado social intensivo (benchmark)] periodo 575/720 poblacion=70985 desempleo=22.2% pib=1,083,534 t=33773.2s
[Noruega (economia del bienestar)] periodo 625/720 poblacion=109736 desempleo=26.9% pib=1,203,850 t=36079.9s
[Estado social intensivo (benchmark)] periodo 600/720 poblacion=78873 desempleo=27.0% pib=2,420,804 t=41631.6s
[Noruega (economia del bienestar)] periodo 650/720 poblacion=123611 desempleo=19.8% pib=1,204,708 t=42325.8s
